<?xml version="1.0" encoding="UTF-8"?>
<!-- Generated by org.testng.reporters.JUnitReportReporter -->
<testsuite skipped="0" hostname="LAPTOP-SFSUNP5A" name="com.revature.TestRunner" tests="2" failures="0" timestamp="2022-06-23T12:22:04 EDT" time="7.209" errors="0">
  <testcase name="runScenario" time="4.272" classname="com.revature.TestRunner"/>
  <system-out/>
  <testcase name="feature" time="2.937" classname="com.revature.TestRunner"/>
  <system-out/>
</testsuite> <!-- com.revature.TestRunner -->
