<?xml version="1.0" encoding="UTF-8"?>
<!-- Generated by org.testng.reporters.JUnitReportReporter -->
<testsuite hostname="Rev-P2066S8W" failures="0" tests="1" name="com.revature.stacklite.TestIssue" time="0.020" errors="0" timestamp="2022-06-15T08:25:56 PDT" skipped="0">
  <testcase classname="com.revature.stacklite.TestIssue" name="testSetId" time="0.020"/>
  <system-out/>
</testsuite> <!-- com.revature.stacklite.TestIssue -->
