<?xml version="1.0" encoding="UTF-8"?>
<!-- Generated by org.testng.reporters.JUnitReportReporter -->
<testsuite skipped="0" hostname="LAPTOP-SFSUNP5A" name="com.revature.service.ItemServiceTest" tests="4" failures="0" timestamp="2022-06-27T12:25:24 EDT" time="0.013" errors="0">
  <testcase name="testItemNotFoundExceptionThrownWhenInvalidItemIdProvided" time="0.002" classname="com.revature.service.ItemServiceTest"/>
  <system-out/>
  <testcase name="testGetItem" time="0.001" classname="com.revature.service.ItemServiceTest"/>
  <system-out/>
  <testcase name="testGetAllItems" time="0.009" classname="com.revature.service.ItemServiceTest"/>
  <system-out/>
  <testcase name="testGetSupplierItems" time="0.001" classname="com.revature.service.ItemServiceTest"/>
  <system-out/>
</testsuite> <!-- com.revature.service.ItemServiceTest -->
