<?xml version="1.0" encoding="UTF-8"?>
<!-- Generated by org.testng.reporters.JUnitReportReporter -->
<testsuite skipped="0" hostname="LAPTOP-SFSUNP5A" name="com.revature.RunCucumberTest" tests="6" failures="0" timestamp="2022-06-23T11:06:30 EDT" time="0.295" errors="0">
  <testcase name="runScenario" time="0.016" classname="com.revature.RunCucumberTest"/>
  <system-out/>
  <testcase name="runScenario" time="0.015" classname="com.revature.RunCucumberTest"/>
  <system-out/>
  <testcase name="runScenario" time="0.016" classname="com.revature.RunCucumberTest"/>
  <system-out/>
  <testcase name="runScenario" time="0.220" classname="com.revature.RunCucumberTest"/>
  <system-out/>
  <testcase name="runScenario" time="0.017" classname="com.revature.RunCucumberTest"/>
  <system-out/>
  <testcase name="runScenario" time="0.011" classname="com.revature.RunCucumberTest"/>
  <system-out/>
</testsuite> <!-- com.revature.RunCucumberTest -->
