<?xml version="1.0" encoding="UTF-8"?>
<!-- Generated by org.testng.reporters.JUnitReportReporter -->
<testsuite skipped="0" hostname="LAPTOP-SFSUNP5A" name="com.revature.TestMathematician" tests="4" failures="0" timestamp="2022-06-22T11:28:00 EDT" time="0.033" errors="0">
  <testcase name="givenTwoInt_whenAdded_thenCorrectAddition_data_provider" time="0.001" classname="com.revature.TestMathematician"/>
  <system-out/>
  <testcase name="givenTwoInt_whenAdded_thenCorrectAddition_data_provider" time="0.029" classname="com.revature.TestMathematician"/>
  <system-out/>
  <testcase name="givenTwoInt_whenAdded_thenCorrectAddition_data_provider" time="0.001" classname="com.revature.TestMathematician"/>
  <system-out/>
  <testcase name="givenTwoInts_whenAdded_thenCorrectAddition" time="0.002" classname="com.revature.TestMathematician"/>
  <system-out/>
</testsuite> <!-- com.revature.TestMathematician -->
