<?xml version="1.0" encoding="UTF-8"?>
<testsuite xmlns:xsi="http://www.w3.org/2001/XMLSchema-instance" xsi:noNamespaceSchemaLocation="https://maven.apache.org/surefire/maven-surefire-plugin/xsd/surefire-test-report-3.0.xsd" version="3.0" name="TestSuite" time="1.043" tests="1" errors="0" skipped="0" failures="0">
  <properties>
    <property name="java.specification.version" value="17"/>
    <property name="sun.cpu.isalist" value="amd64"/>
    <property name="sun.jnu.encoding" value="Cp1252"/>
    <property name="java.class.path" value="C:\Users\JacquelynGomez\Desktop\Github\Stacklite-Maven\com.revature.stacklite\target\test-classes;C:\Users\JacquelynGomez\Desktop\Github\Stacklite-Maven\com.revature.stacklite\target\classes;C:\Users\JacquelynGomez\.m2\repository\org\testng\testng\7.5\testng-7.5.jar;C:\Users\JacquelynGomez\.m2\repository\com\google\code\findbugs\jsr305\3.0.1\jsr305-3.0.1.jar;C:\Users\JacquelynGomez\.m2\repository\org\slf4j\slf4j-api\1.7.32\slf4j-api-1.7.32.jar;C:\Users\JacquelynGomez\.m2\repository\com\beust\jcommander\1.78\jcommander-1.78.jar;C:\Users\JacquelynGomez\.m2\repository\org\webjars\jquery\3.5.1\jquery-3.5.1.jar;C:\Users\JacquelynGomez\.m2\repository\org\mockito\mockito-core\4.5.1\mockito-core-4.5.1.jar;C:\Users\JacquelynGomez\.m2\repository\net\bytebuddy\byte-buddy\1.12.9\byte-buddy-1.12.9.jar;C:\Users\JacquelynGomez\.m2\repository\net\bytebuddy\byte-buddy-agent\1.12.9\byte-buddy-agent-1.12.9.jar;C:\Users\JacquelynGomez\.m2\repository\org\objenesis\objenesis\3.2\objenesis-3.2.jar;C:\Users\JacquelynGomez\.m2\repository\org\slf4j\slf4j-nop\1.7.36\slf4j-nop-1.7.36.jar;"/>
    <property name="java.vm.vendor" value="Eclipse Adoptium"/>
    <property name="sun.arch.data.model" value="64"/>
    <property name="user.variant" value=""/>
    <property name="java.vendor.url" value="https://adoptium.net/"/>
    <property name="user.timezone" value="America/Los_Angeles"/>
    <property name="os.name" value="Windows 10"/>
    <property name="java.vm.specification.version" value="17"/>
    <property name="sun.java.launcher" value="SUN_STANDARD"/>
    <property name="user.country" value="US"/>
    <property name="sun.boot.library.path" value="C:\Users\JacquelynGomez\Downloads\sts-4.14.1.RELEASE\plugins\org.eclipse.justj.openjdk.hotspot.jre.full.win32.x86_64_17.0.2.v20220201-1208\jre\bin"/>
    <property name="sun.java.command" value="C:\Users\JacquelynGomez\AppData\Local\Temp\surefire8061025678521257642\surefirebooter17567254221903771209.jar C:\Users\JacquelynGomez\AppData\Local\Temp\surefire8061025678521257642 2022-06-15T08-25-52_372-jvmRun1 surefire2655497494901316786tmp surefire_02386806649134256193tmp"/>
    <property name="jdk.debug" value="release"/>
    <property name="surefire.test.class.path" value="C:\Users\JacquelynGomez\Desktop\Github\Stacklite-Maven\com.revature.stacklite\target\test-classes;C:\Users\JacquelynGomez\Desktop\Github\Stacklite-Maven\com.revature.stacklite\target\classes;C:\Users\JacquelynGomez\.m2\repository\org\testng\testng\7.5\testng-7.5.jar;C:\Users\JacquelynGomez\.m2\repository\com\google\code\findbugs\jsr305\3.0.1\jsr305-3.0.1.jar;C:\Users\JacquelynGomez\.m2\repository\org\slf4j\slf4j-api\1.7.32\slf4j-api-1.7.32.jar;C:\Users\JacquelynGomez\.m2\repository\com\beust\jcommander\1.78\jcommander-1.78.jar;C:\Users\JacquelynGomez\.m2\repository\org\webjars\jquery\3.5.1\jquery-3.5.1.jar;C:\Users\JacquelynGomez\.m2\repository\org\mockito\mockito-core\4.5.1\mockito-core-4.5.1.jar;C:\Users\JacquelynGomez\.m2\repository\net\bytebuddy\byte-buddy\1.12.9\byte-buddy-1.12.9.jar;C:\Users\JacquelynGomez\.m2\repository\net\bytebuddy\byte-buddy-agent\1.12.9\byte-buddy-agent-1.12.9.jar;C:\Users\JacquelynGomez\.m2\repository\org\objenesis\objenesis\3.2\objenesis-3.2.jar;C:\Users\JacquelynGomez\.m2\repository\org\slf4j\slf4j-nop\1.7.36\slf4j-nop-1.7.36.jar;"/>
    <property name="sun.cpu.endian" value="little"/>
    <property name="user.home" value="C:\Users\JacquelynGomez"/>
    <property name="user.language" value="en"/>
    <property name="java.specification.vendor" value="Oracle Corporation"/>
    <property name="java.version.date" value="2022-01-18"/>
    <property name="java.home" value="C:\Users\JacquelynGomez\Downloads\sts-4.14.1.RELEASE\plugins\org.eclipse.justj.openjdk.hotspot.jre.full.win32.x86_64_17.0.2.v20220201-1208\jre"/>
    <property name="file.separator" value="\"/>
    <property name="style.color" value="always"/>
    <property name="basedir" value="C:\Users\JacquelynGomez\Desktop\Github\Stacklite-Maven\com.revature.stacklite"/>
    <property name="java.vm.compressedOopsMode" value="Zero based"/>
    <property name="line.separator" value="&#10;"/>
    <property name="java.vm.specification.vendor" value="Oracle Corporation"/>
    <property name="java.specification.name" value="Java Platform API Specification"/>
    <property name="surefire.real.class.path" value="C:\Users\JacquelynGomez\AppData\Local\Temp\surefire8061025678521257642\surefirebooter17567254221903771209.jar"/>
    <property name="user.script" value=""/>
    <property name="sun.management.compiler" value="HotSpot 64-Bit Tiered Compilers"/>
    <property name="java.runtime.version" value="17.0.2+8"/>
    <property name="user.name" value="JacquelynGomez"/>
    <property name="path.separator" value=";"/>
    <property name="os.version" value="10.0"/>
    <property name="java.runtime.name" value="OpenJDK Runtime Environment"/>
    <property name="file.encoding" value="Cp1252"/>
    <property name="java.vm.name" value="OpenJDK 64-Bit Server VM"/>
    <property name="java.vendor.version" value="Temurin-17.0.2+8"/>
    <property name="localRepository" value="C:\Users\JacquelynGomez\.m2\repository"/>
    <property name="java.vendor.url.bug" value="https://github.com/adoptium/adoptium-support/issues"/>
    <property name="java.io.tmpdir" value="C:\Users\JACQUE~1\AppData\Local\Temp\"/>
    <property name="java.version" value="17.0.2"/>
    <property name="user.dir" value="C:\Users\JacquelynGomez\Desktop\Github\Stacklite-Maven\com.revature.stacklite"/>
    <property name="os.arch" value="amd64"/>
    <property name="java.vm.specification.name" value="Java Virtual Machine Specification"/>
    <property name="sun.os.patch.level" value=""/>
    <property name="native.encoding" value="Cp1252"/>
    <property name="java.library.path" value="C:\Users\JacquelynGomez\Downloads\sts-4.14.1.RELEASE\plugins\org.eclipse.justj.openjdk.hotspot.jre.full.win32.x86_64_17.0.2.v20220201-1208\jre\bin;C:\WINDOWS\Sun\Java\bin;C:\WINDOWS\system32;C:\WINDOWS;C:/Users/JacquelynGomez/Downloads/sts-4.14.1.RELEASE//plugins/org.eclipse.justj.openjdk.hotspot.jre.full.win32.x86_64_17.0.2.v20220201-1208/jre/bin/server;C:/Users/JacquelynGomez/Downloads/sts-4.14.1.RELEASE//plugins/org.eclipse.justj.openjdk.hotspot.jre.full.win32.x86_64_17.0.2.v20220201-1208/jre/bin;C:\Python310\Scripts\;C:\Python310\;C:\Program Files (x86)\Common Files\Oracle\Java\javapath;C:\WINDOWS\system32;C:\WINDOWS;C:\WINDOWS\System32\Wbem;C:\WINDOWS\System32\WindowsPowerShell\v1.0\;C:\WINDOWS\System32\OpenSSH\;C:\Program Files\Git\cmd;C:\Program Files\Java\jdk1.8.0_333\bin;;C:\Program Files\Docker\Docker\resources\bin;C:\ProgramData\DockerDesktop\version-bin;C:\ProgramData\chocolatey\bin;C:\Program Files\nodejs\;C:\Users\JacquelynGomez\AppData\Local\Microsoft\WindowsApps;C:\Users\JacquelynGomez\AppData\Local\Programs\Git\cmd;C:\Users\JacquelynGomez\AppData\Local\Programs\Microsoft VS Code\bin;C:\Users\JacquelynGomez\AppData\Local\GitHubDesktop\bin;C:\Users\JacquelynGomez\AppData\Roaming\npm;C:\WINDOWS\system32;;."/>
    <property name="java.vm.info" value="mixed mode"/>
    <property name="java.vendor" value="Eclipse Adoptium"/>
    <property name="java.vm.version" value="17.0.2+8"/>
    <property name="sun.io.unicode.encoding" value="UnicodeLittle"/>
    <property name="java.class.version" value="61.0"/>
  </properties>
  <testcase name="testSetId" classname="com.revature.stacklite.TestIssue" time="0.016"/>
</testsuite>