<?xml version="1.0" encoding="UTF-8"?>
<!-- Generated by org.testng.reporters.JUnitReportReporter -->
<testsuite skipped="0" hostname="LAPTOP-SFSUNP5A" name="com.revature.BasicTest" tests="1" failures="0" timestamp="2022-06-21T12:24:16 EDT" time="0.007" errors="0">
  <testcase name="testBasicTest" time="0.007" classname="com.revature.BasicTest"/>
  <system-out/>
</testsuite> <!-- com.revature.BasicTest -->
