<?xml version="1.0" encoding="UTF-8"?>
<testsuite xmlns:xsi="http://www.w3.org/2001/XMLSchema-instance" xsi:noNamespaceSchemaLocation="https://maven.apache.org/surefire/maven-surefire-plugin/xsd/surefire-test-report-3.0.xsd" version="3.0" name="com.revature.RunCucumberTest" time="1.646" tests="6" errors="0" skipped="0" failures="0">
  <properties>
    <property name="sun.desktop" value="windows"/>
    <property name="awt.toolkit" value="sun.awt.windows.WToolkit"/>
    <property name="file.encoding.pkg" value="sun.io"/>
    <property name="java.specification.version" value="1.8"/>
    <property name="sun.cpu.isalist" value="amd64"/>
    <property name="sun.jnu.encoding" value="Cp1252"/>
    <property name="java.class.path" value="C:\Users\Bravo\Programming\Repositories\Batches\220516-Python-with-Automation\demo\Java-Python\java_cucumber\target\test-classes;C:\Users\Bravo\Programming\Repositories\Batches\220516-Python-with-Automation\demo\Java-Python\java_cucumber\target\classes;C:\Users\Bravo\.m2\repository\io\cucumber\cucumber-java\7.0.0\cucumber-java-7.0.0.jar;C:\Users\Bravo\.m2\repository\io\cucumber\cucumber-core\7.0.0\cucumber-core-7.0.0.jar;C:\Users\Bravo\.m2\repository\io\cucumber\cucumber-gherkin\7.0.0\cucumber-gherkin-7.0.0.jar;C:\Users\Bravo\.m2\repository\io\cucumber\cucumber-gherkin-messages\7.0.0\cucumber-gherkin-messages-7.0.0.jar;C:\Users\Bravo\.m2\repository\io\cucumber\messages\17.1.1\messages-17.1.1.jar;C:\Users\Bravo\.m2\repository\io\cucumber\tag-expressions\4.0.2\tag-expressions-4.0.2.jar;C:\Users\Bravo\.m2\repository\io\cucumber\cucumber-expressions\13.0.1\cucumber-expressions-13.0.1.jar;C:\Users\Bravo\.m2\repository\io\cucumber\datatable\7.0.0\datatable-7.0.0.jar;C:\Users\Bravo\.m2\repository\io\cucumber\cucumber-plugin\7.0.0\cucumber-plugin-7.0.0.jar;C:\Users\Bravo\.m2\repository\io\cucumber\docstring\7.0.0\docstring-7.0.0.jar;C:\Users\Bravo\.m2\repository\io\cucumber\html-formatter\17.0.0\html-formatter-17.0.0.jar;C:\Users\Bravo\.m2\repository\io\cucumber\create-meta\6.0.1\create-meta-6.0.1.jar;C:\Users\Bravo\.m2\repository\org\apiguardian\apiguardian-api\1.1.2\apiguardian-api-1.1.2.jar;C:\Users\Bravo\.m2\repository\org\testng\testng\7.4.0\testng-7.4.0.jar;C:\Users\Bravo\.m2\repository\com\beust\jcommander\1.78\jcommander-1.78.jar;C:\Users\Bravo\.m2\repository\org\webjars\jquery\3.5.1\jquery-3.5.1.jar;C:\Users\Bravo\.m2\repository\io\cucumber\cucumber-testng\7.0.0\cucumber-testng-7.0.0.jar;"/>
    <property name="java.vm.vendor" value="Oracle Corporation"/>
    <property name="sun.arch.data.model" value="64"/>
    <property name="user.variant" value=""/>
    <property name="java.vendor.url" value="http://java.oracle.com/"/>
    <property name="user.timezone" value="America/New_York"/>
    <property name="java.vm.specification.version" value="1.8"/>
    <property name="os.name" value="Windows 10"/>
    <property name="user.country" value="US"/>
    <property name="sun.java.launcher" value="SUN_STANDARD"/>
    <property name="sun.boot.library.path" value="C:\Program Files\Java\jdk1.8.0_311\jre\bin"/>
    <property name="sun.java.command" value="C:\Users\Bravo\AppData\Local\Temp\surefire6735765927596591934\surefirebooter3486284539657916237.jar C:\Users\Bravo\AppData\Local\Temp\surefire6735765927596591934 2022-06-23T11-06-27_607-jvmRun1 surefire6449940724648114987tmp surefire_06786837808142831118tmp"/>
    <property name="surefire.test.class.path" value="C:\Users\Bravo\Programming\Repositories\Batches\220516-Python-with-Automation\demo\Java-Python\java_cucumber\target\test-classes;C:\Users\Bravo\Programming\Repositories\Batches\220516-Python-with-Automation\demo\Java-Python\java_cucumber\target\classes;C:\Users\Bravo\.m2\repository\io\cucumber\cucumber-java\7.0.0\cucumber-java-7.0.0.jar;C:\Users\Bravo\.m2\repository\io\cucumber\cucumber-core\7.0.0\cucumber-core-7.0.0.jar;C:\Users\Bravo\.m2\repository\io\cucumber\cucumber-gherkin\7.0.0\cucumber-gherkin-7.0.0.jar;C:\Users\Bravo\.m2\repository\io\cucumber\cucumber-gherkin-messages\7.0.0\cucumber-gherkin-messages-7.0.0.jar;C:\Users\Bravo\.m2\repository\io\cucumber\messages\17.1.1\messages-17.1.1.jar;C:\Users\Bravo\.m2\repository\io\cucumber\tag-expressions\4.0.2\tag-expressions-4.0.2.jar;C:\Users\Bravo\.m2\repository\io\cucumber\cucumber-expressions\13.0.1\cucumber-expressions-13.0.1.jar;C:\Users\Bravo\.m2\repository\io\cucumber\datatable\7.0.0\datatable-7.0.0.jar;C:\Users\Bravo\.m2\repository\io\cucumber\cucumber-plugin\7.0.0\cucumber-plugin-7.0.0.jar;C:\Users\Bravo\.m2\repository\io\cucumber\docstring\7.0.0\docstring-7.0.0.jar;C:\Users\Bravo\.m2\repository\io\cucumber\html-formatter\17.0.0\html-formatter-17.0.0.jar;C:\Users\Bravo\.m2\repository\io\cucumber\create-meta\6.0.1\create-meta-6.0.1.jar;C:\Users\Bravo\.m2\repository\org\apiguardian\apiguardian-api\1.1.2\apiguardian-api-1.1.2.jar;C:\Users\Bravo\.m2\repository\org\testng\testng\7.4.0\testng-7.4.0.jar;C:\Users\Bravo\.m2\repository\com\beust\jcommander\1.78\jcommander-1.78.jar;C:\Users\Bravo\.m2\repository\org\webjars\jquery\3.5.1\jquery-3.5.1.jar;C:\Users\Bravo\.m2\repository\io\cucumber\cucumber-testng\7.0.0\cucumber-testng-7.0.0.jar;"/>
    <property name="sun.cpu.endian" value="little"/>
    <property name="user.home" value="C:\Users\Bravo"/>
    <property name="user.language" value="en"/>
    <property name="java.specification.vendor" value="Oracle Corporation"/>
    <property name="java.home" value="C:\Program Files\Java\jdk1.8.0_311\jre"/>
    <property name="basedir" value="C:\Users\Bravo\Programming\Repositories\Batches\220516-Python-with-Automation\demo\Java-Python\java_cucumber"/>
    <property name="file.separator" value="\"/>
    <property name="line.separator" value="&#10;"/>
    <property name="java.vm.specification.vendor" value="Oracle Corporation"/>
    <property name="java.specification.name" value="Java Platform API Specification"/>
    <property name="java.awt.graphicsenv" value="sun.awt.Win32GraphicsEnvironment"/>
    <property name="surefire.real.class.path" value="C:\Users\Bravo\AppData\Local\Temp\surefire6735765927596591934\surefirebooter3486284539657916237.jar"/>
    <property name="sun.boot.class.path" value="C:\Program Files\Java\jdk1.8.0_311\jre\lib\resources.jar;C:\Program Files\Java\jdk1.8.0_311\jre\lib\rt.jar;C:\Program Files\Java\jdk1.8.0_311\jre\lib\sunrsasign.jar;C:\Program Files\Java\jdk1.8.0_311\jre\lib\jsse.jar;C:\Program Files\Java\jdk1.8.0_311\jre\lib\jce.jar;C:\Program Files\Java\jdk1.8.0_311\jre\lib\charsets.jar;C:\Program Files\Java\jdk1.8.0_311\jre\lib\jfr.jar;C:\Program Files\Java\jdk1.8.0_311\jre\classes"/>
    <property name="user.script" value=""/>
    <property name="sun.management.compiler" value="HotSpot 64-Bit Tiered Compilers"/>
    <property name="java.runtime.version" value="1.8.0_311-b11"/>
    <property name="user.name" value="Bravo"/>
    <property name="path.separator" value=";"/>
    <property name="os.version" value="10.0"/>
    <property name="java.endorsed.dirs" value="C:\Program Files\Java\jdk1.8.0_311\jre\lib\endorsed"/>
    <property name="java.runtime.name" value="Java(TM) SE Runtime Environment"/>
    <property name="file.encoding" value="Cp1252"/>
    <property name="java.vm.name" value="Java HotSpot(TM) 64-Bit Server VM"/>
    <property name="localRepository" value="C:\Users\Bravo\.m2\repository"/>
    <property name="java.vendor.url.bug" value="http://bugreport.sun.com/bugreport/"/>
    <property name="java.io.tmpdir" value="C:\Users\Bravo\AppData\Local\Temp\"/>
    <property name="java.version" value="1.8.0_311"/>
    <property name="user.dir" value="C:\Users\Bravo\Programming\Repositories\Batches\220516-Python-with-Automation\demo\Java-Python\java_cucumber"/>
    <property name="os.arch" value="amd64"/>
    <property name="java.vm.specification.name" value="Java Virtual Machine Specification"/>
    <property name="java.awt.printerjob" value="sun.awt.windows.WPrinterJob"/>
    <property name="sun.os.patch.level" value=""/>
    <property name="java.library.path" value="C:\Program Files\Java\jdk1.8.0_311\jre\bin;C:\WINDOWS\Sun\Java\bin;C:\WINDOWS\system32;C:\WINDOWS;C:\Users\Bravo\bin;C:\Users\Bravo\scoop\apps\git\2.34.1.windows.1\mingw64\bin;C:\Users\Bravo\scoop\apps\git\2.34.1.windows.1\usr\local\bin;C:\Users\Bravo\scoop\apps\git\2.34.1.windows.1\usr\bin;C:\Users\Bravo\scoop\apps\git\2.34.1.windows.1\usr\bin;C:\Users\Bravo\scoop\apps\git\2.34.1.windows.1\mingw64\bin;C:\Users\Bravo\scoop\apps\git\2.34.1.windows.1\usr\bin;C:\Users\Bravo\bin;C:\Program Files (x86)\Common Files\Oracle\Java\javapath;C:\Program Files (x86)\Microsoft SDKs\Azure\CLI2\wbin;C:\Program Files\Python310\Scripts;C:\Program Files\Python310;C:\Program Files\Oculus\Support\oculus-runtime;C:\Python310\Scripts;C:\Python310;C:\jdk-17\bin;C:\Windows\system32;C:\Windows;C:\Windows\System32\Wbem;C:\Windows\System32\WindowsPowerShell\v1.0;C:\Windows\System32\OpenSSH;C:\Program Files (x86)\NVIDIA Corporation\PhysX\Common;C:\Program Files\NVIDIA Corporation\NVIDIA NvDLISR;C:\WINDOWS\system32;C:\WINDOWS;C:\WINDOWS\System32\Wbem;C:\WINDOWS\System32\WindowsPowerShell\v1.0;C:\WINDOWS\System32\OpenSSH;C:\Program Files\Common Files\Autodesk Shared;C:\Program Files (x86)\nodejs;C:\ProgramData\chocolatey\bin;C:\Program Files\Java\jdk1.8.0_311\bin;C:\Program Files\PuTTY;C:\Program Files\Microsoft SQL Server\Client SDK\ODBC\170\Tools\Binn;C:\Program Files\PostgreSQL\10\bin;C:\Program Files\CMake\bin;C:\Program Files\dotnet;C:\Ninja;C:\Users\Bravo\scoop\apps\python\3.10.3\Scripts;C:\Program Files\Git\cmd;C:\Program Files (x86)\Microsoft SQL Server\150\Tools\Binn;C:\Program Files\Microsoft SQL Server\150\Tools\Binn;C:\Program Files\Microsoft SQL Server\150\DTS\Binn;C:\Program Files\nvim\bin;C:\Users\Bravo\scoop\apps\python39\current\Scripts;C:\Users\Bravo\scoop\apps\python39\current;C:\Users\Bravo\scoop\apps\nodejs\current\bin;C:\Users\Bravo\scoop\apps\nodejs\current;C:\Users\Bravo\scoop\apps\maven\current\bin;C:\Users\Bravo\scoop\shims;C:\Users\Bravo\AppData\Local\Microsoft\WindowsApps;C:\Users\Bravo\.dotnet\tools;C:\Users\Bravo\AppData\Roaming\npm;C:\Users\Bravo\scoop\apps\ojdkbuild8-full\1.8.0.312-1.b07\_tmp\SourceDir\ojdkbuild\java-1.8.0-openjdk-1.8.0.312-1\bin;C:\Users\Bravo\AppData\Local\GitHubDesktop\bin;C:\Users\Bravo\.dotnet\tools;C:\Users\Bravo\.dotnet\tools;C:\Program Files\Azure Data Studio\bin;C:\Program Files\JetBrains\IntelliJ IDEA Community Edition 2021.3.3\bin;C:\Users\Bravo\AppData\Local\Programs\Microsoft VS Code\bin;C:\Users\Bravo\scoop\apps\git\2.34.1.windows.1\usr\bin\vendor_perl;C:\Users\Bravo\scoop\apps\git\2.34.1.windows.1\usr\bin\core_perl;."/>
    <property name="java.vm.info" value="mixed mode"/>
    <property name="java.vendor" value="Oracle Corporation"/>
    <property name="java.vm.version" value="25.311-b11"/>
    <property name="java.ext.dirs" value="C:\Program Files\Java\jdk1.8.0_311\jre\lib\ext;C:\WINDOWS\Sun\Java\lib\ext"/>
    <property name="sun.io.unicode.encoding" value="UnicodeLittle"/>
    <property name="java.class.version" value="52.0"/>
  </properties>
  <testcase name="runScenario[&quot;Sunday is not Friday&quot;, &quot;Optional[Is it Friday yet?]&quot;](1)" classname="com.revature.RunCucumberTest" time="0.223">
    <system-out><![CDATA[
Scenario: Sunday is not Friday   &amp#27;[90m# src/test/resources/features/is_it_friday_yet.feature:4&amp#27;[0m
  &amp#27;[32mGiven &amp#27;[0m&amp#27;[32mtoday is Sunday&amp#27;[0m          &amp#27;[90m# com.revature.stepdefinitions.days_step_def.today_is_sunday()&amp#27;[0m
  &amp#27;[32mWhen &amp#27;[0m&amp#27;[32mI ask whether it's Friday&amp#27;[0m &amp#27;[90m# com.revature.stepdefinitions.days_step_def.i_ask_whether_it_s_friday()&amp#27;[0m
  &amp#27;[32mThen &amp#27;[0m&amp#27;[32mI should be told &amp#27;[0m&amp#27;[32m&amp#27;[1m"Nope"&amp#27;[0m   &amp#27;[90m# com.revature.stepdefinitions.days_step_def.i_should_be_told(java.lang.String)&amp#27;[0m
]]></system-out>
  </testcase>
  <testcase name="runScenario[&quot;Friday is Friday&quot;, &quot;Optional[Is it Friday yet?]&quot;](2)" classname="com.revature.RunCucumberTest" time="0.021">
    <system-out><![CDATA[
Scenario: Friday is Friday       &amp#27;[90m# src/test/resources/features/is_it_friday_yet.feature:9&amp#27;[0m
  &amp#27;[32mGiven &amp#27;[0m&amp#27;[32mtoday is Friday&amp#27;[0m          &amp#27;[90m# com.revature.stepdefinitions.days_step_def.today_is_friday()&amp#27;[0m
  &amp#27;[32mWhen &amp#27;[0m&amp#27;[32mI ask whether it's Friday&amp#27;[0m &amp#27;[90m# com.revature.stepdefinitions.days_step_def.i_ask_whether_it_s_friday()&amp#27;[0m
  &amp#27;[32mThen &amp#27;[0m&amp#27;[32mI should be told &amp#27;[0m&amp#27;[32m&amp#27;[1m"TGIF"&amp#27;[0m   &amp#27;[90m# com.revature.stepdefinitions.days_step_def.i_should_be_told(java.lang.String)&amp#27;[0m
]]></system-out>
  </testcase>
  <testcase name="runScenario[&quot;Today is or is not Monday&quot;, &quot;Optional[Is it Monday yet?]&quot;](3)" classname="com.revature.RunCucumberTest" time="0.011">
    <system-out><![CDATA[
Scenario Outline: Today is or is not Monday &amp#27;[90m# src/test/resources/features/is_it_monday_yet.feature:11&amp#27;[0m
  &amp#27;[32mGiven &amp#27;[0m&amp#27;[32mtoday is &amp#27;[0m&amp#27;[32m&amp#27;[1m"Friday"&amp#27;[0m                   &amp#27;[90m# com.revature.stepdefinitions.days_step_def.today_is(java.lang.String)&amp#27;[0m
  &amp#27;[32mWhen &amp#27;[0m&amp#27;[32mI ask whether it's Monday yet&amp#27;[0m        &amp#27;[90m# com.revature.stepdefinitions.days_step_def.i_ask_whether_it_s_monday_yet()&amp#27;[0m
  &amp#27;[32mThen &amp#27;[0m&amp#27;[32mI should be told &amp#27;[0m&amp#27;[32m&amp#27;[1m"Nope"&amp#27;[0m              &amp#27;[90m# com.revature.stepdefinitions.days_step_def.i_should_be_told(java.lang.String)&amp#27;[0m
]]></system-out>
  </testcase>
  <testcase name="runScenario[&quot;Today is or is not Monday&quot;, &quot;Optional[Is it Monday yet?]&quot;](4)" classname="com.revature.RunCucumberTest" time="0.022">
    <system-out><![CDATA[
Scenario Outline: Today is or is not Monday &amp#27;[90m# src/test/resources/features/is_it_monday_yet.feature:12&amp#27;[0m
  &amp#27;[32mGiven &amp#27;[0m&amp#27;[32mtoday is &amp#27;[0m&amp#27;[32m&amp#27;[1m"Sunday"&amp#27;[0m                   &amp#27;[90m# com.revature.stepdefinitions.days_step_def.today_is(java.lang.String)&amp#27;[0m
  &amp#27;[32mWhen &amp#27;[0m&amp#27;[32mI ask whether it's Monday yet&amp#27;[0m        &amp#27;[90m# com.revature.stepdefinitions.days_step_def.i_ask_whether_it_s_monday_yet()&amp#27;[0m
  &amp#27;[32mThen &amp#27;[0m&amp#27;[32mI should be told &amp#27;[0m&amp#27;[32m&amp#27;[1m"Nope"&amp#27;[0m              &amp#27;[90m# com.revature.stepdefinitions.days_step_def.i_should_be_told(java.lang.String)&amp#27;[0m
]]></system-out>
  </testcase>
  <testcase name="runScenario[&quot;Today is or is not Monday&quot;, &quot;Optional[Is it Monday yet?]&quot;](5)" classname="com.revature.RunCucumberTest" time="0.01">
    <system-out><![CDATA[
Scenario Outline: Today is or is not Monday &amp#27;[90m# src/test/resources/features/is_it_monday_yet.feature:13&amp#27;[0m
  &amp#27;[32mGiven &amp#27;[0m&amp#27;[32mtoday is &amp#27;[0m&amp#27;[32m&amp#27;[1m"Monday"&amp#27;[0m                   &amp#27;[90m# com.revature.stepdefinitions.days_step_def.today_is(java.lang.String)&amp#27;[0m
  &amp#27;[32mWhen &amp#27;[0m&amp#27;[32mI ask whether it's Monday yet&amp#27;[0m        &amp#27;[90m# com.revature.stepdefinitions.days_step_def.i_ask_whether_it_s_monday_yet()&amp#27;[0m
  &amp#27;[32mThen &amp#27;[0m&amp#27;[32mI should be told &amp#27;[0m&amp#27;[32m&amp#27;[1m"TGIM"&amp#27;[0m              &amp#27;[90m# com.revature.stepdefinitions.days_step_def.i_should_be_told(java.lang.String)&amp#27;[0m
]]></system-out>
  </testcase>
  <testcase name="runScenario[&quot;Today is or is not Monday&quot;, &quot;Optional[Is it Monday yet?]&quot;](6)" classname="com.revature.RunCucumberTest" time="0.015">
    <system-out><![CDATA[
Scenario Outline: Today is or is not Monday &amp#27;[90m# src/test/resources/features/is_it_monday_yet.feature:14&amp#27;[0m
  &amp#27;[32mGiven &amp#27;[0m&amp#27;[32mtoday is &amp#27;[0m&amp#27;[32m&amp#27;[1m"Anything Else!"&amp#27;[0m           &amp#27;[90m# com.revature.stepdefinitions.days_step_def.today_is(java.lang.String)&amp#27;[0m
  &amp#27;[32mWhen &amp#27;[0m&amp#27;[32mI ask whether it's Monday yet&amp#27;[0m        &amp#27;[90m# com.revature.stepdefinitions.days_step_def.i_ask_whether_it_s_monday_yet()&amp#27;[0m
  &amp#27;[32mThen &amp#27;[0m&amp#27;[32mI should be told &amp#27;[0m&amp#27;[32m&amp#27;[1m"Nope"&amp#27;[0m              &amp#27;[90m# com.revature.stepdefinitions.days_step_def.i_should_be_told(java.lang.String)&amp#27;[0m
]]></system-out>
  </testcase>
</testsuite>